<?xml version="1.0" encoding="UTF-8"?>
<!-- Generated by org.testng.reporters.JUnitXMLReporter -->
<testsuite hostname="01HW510223" name="Default test" tests="1" failures="1" timestamp="23 Dec 2016 06:16:33 GMT" time="66.67" errors="0">
  <testcase name="wordpressrun" time="66.46" classname="testpack1.Testclass">
    <failure type="org.openqa.selenium.WebDriverException" message="Failed to connect to binary FirefoxBinary(C:\Program Files\Mozilla Firefox\firefox.exe) on port 7055; process output follows: 
\extensions\\{972ce4c6-7e08-4474-a285-3208198ce6fd}.xpi&amp;quot;,&amp;quot;installDate&amp;quot;:1461279552000,&amp;quot;updateDate&amp;quot;:1461279552000,&amp;quot;applyBackgroundUpdates&amp;quot;:1,&amp;quot;skinnable&amp;quot;:true,&amp;quot;size&amp;quot;:22006,&amp;quot;sourceURI&amp;quot;:null,&amp;quot;releaseNotesURI&amp;quot;:null,&amp;quot;softDisabled&amp;quot;:false,&amp;quot;foreignInstall&amp;quot;:false,&amp;quot;hasBinaryComponents&amp;quot;:false,&amp;quot;strictCompatibility&amp;quot;:true,&amp;quot;locales&amp;quot;:[],&amp;quot;targetApplications&amp;quot;:[{&amp;quot;id&amp;quot;:&amp;quot;{ec8030f7-c20a-464f-9b0e-13a3a9e97384}&amp;quot;,&amp;quot;minVersion&amp;quot;:&amp;quot;46.0&amp;quot;,&amp;quot;maxVersion&amp;quot;:&amp;quot;46.0&amp;quot;}],&amp;quot;targetPlatforms&amp;quot;:[],&amp;quot;seen&amp;quot;:true}
1482473775419	addons.xpi	DEBUG	getModTime: Recursive scan of {972ce4c6-7e08-4474-a285-3208198ce6fd}
1482473775419	addons.xpi	DEBUG	Updating XPIState for {&amp;quot;id&amp;quot;:&amp;quot;{1E2593B2-E106-4697-BCE7-A9D30DE05D73}&amp;quot;,&amp;quot;syncGUID&amp;quot;:&amp;quot;X6TelNYL1T4H&amp;quot;,&amp;quot;location&amp;quot;:&amp;quot;winreg-app-global&amp;quot;,&amp;quot;version&amp;quot;:&amp;quot;10.0.40&amp;quot;,&amp;quot;type&amp;quot;:&amp;quot;extension&amp;quot;,&amp;quot;internalName&amp;quot;:null,&amp;quot;updateURL&amp;quot;:&amp;quot;https://www.httpwatch.com/update_ff/?app_id=%APP_ID%&amp;amp;cur_ver=%APP_VERSION%&amp;amp;rev_ver=%ITEM_MAXAPPVERSION%&amp;amp;old_ver=%ITEM_VERSION%&amp;quot;,&amp;quot;updateKey&amp;quot;:null,&amp;quot;optionsURL&amp;quot;:null,&amp;quot;optionsType&amp;quot;:null,&amp;quot;aboutURL&amp;quot;:null,&amp;quot;icons&amp;quot;:{},&amp;quot;iconURL&amp;quot;:&amp;quot;chrome://httpwatch/content/install.png&amp;quot;,&amp;quot;icon64URL&amp;quot;:null,&amp;quot;defaultLocale&amp;quot;:{&amp;quot;name&amp;quot;:&amp;quot;HttpWatch Basic Edition&amp;quot;,&amp;quot;description&amp;quot;:&amp;quot;HttpWatch is an HTTP sniffer and debugger for Firefox. (For updates go to http://www.httpwatch.com/download/)&amp;quot;,&amp;quot;creator&amp;quot;:&amp;quot;Simtec Limited&amp;quot;,&amp;quot;homepageURL&amp;quot;:&amp;quot;http://www.httpwatch.com&amp;quot;},&amp;quot;visible&amp;quot;:true,&amp;quot;active&amp;quot;:false,&amp;quot;userDisabled&amp;quot;:true,&amp;quot;appDisabled&amp;quot;:true,&amp;quot;descriptor&amp;quot;:&amp;quot;C:\\Program Files\\HttpWatch\\Firefox&amp;quot;,&amp;quot;installDate&amp;quot;:1479373555871,&amp;quot;updateDate&amp;quot;:1479373555871,&amp;quot;applyBackgroundUpdates&amp;quot;:1,&amp;quot;bootstrap&amp;quot;:false,&amp;quot;skinnable&amp;quot;:false,&amp;quot;size&amp;quot;:105909229,&amp;quot;sourceURI&amp;quot;:null,&amp;quot;releaseNotesURI&amp;quot;:null,&amp;quot;softDisabled&amp;quot;:false,&amp;quot;foreignInstall&amp;quot;:true,&amp;quot;hasBinaryComponents&amp;quot;:true,&amp;quot;strictCompatibility&amp;quot;:false,&amp;quot;locales&amp;quot;:[],&amp;quot;targetApplications&amp;quot;:[{&amp;quot;id&amp;quot;:&amp;quot;{ec8030f7-c20a-464f-9b0e-13a3a9e97384}&amp;quot;,&amp;quot;minVersion&amp;quot;:&amp;quot;32.0&amp;quot;,&amp;quot;maxVersion&amp;quot;:&amp;quot;40.*&amp;quot;}],&amp;quot;targetPlatforms&amp;quot;:[{&amp;quot;os&amp;quot;:&amp;quot;WINNT&amp;quot;,&amp;quot;abi&amp;quot;:&amp;quot;x86-msvc&amp;quot;}],&amp;quot;multiprocessCompatible&amp;quot;:false,&amp;quot;signedState&amp;quot;:0,&amp;quot;seen&amp;quot;:true}
1482473775420	DeferredSave.extensions.json	DEBUG	Save changes
1482473775420	addons.xpi	DEBUG	Updating database with changes to installed add-ons
1482473775420	addons.xpi-utils	DEBUG	Updating add-on states
1482473775422	addons.xpi-utils	DEBUG	Writing add-ons list
1482473775428	addons.xpi	DEBUG	Registering manifest for C:\Program Files\Mozilla Firefox\browser\features\e10srollout@mozilla.org.xpi
1482473775428	addons.xpi	DEBUG	Calling bootstrap method startup on e10srollout@mozilla.org version 1.0
1482473775429	addons.xpi	DEBUG	Registering manifest for C:\Program Files\Mozilla Firefox\browser\features\firefox@getpocket.com.xpi
1482473775429	addons.xpi	DEBUG	Calling bootstrap method startup on firefox@getpocket.com version 1.0
1482473775430	addons.xpi	DEBUG	Registering manifest for C:\Program Files\Mozilla Firefox\browser\features\loop@mozilla.org.xpi
1482473775431	addons.xpi	DEBUG	Calling bootstrap method startup on loop@mozilla.org version 1.2.6
1482473775628	addons.manager	DEBUG	Registering shutdown blocker for XPIProvider
1482473775629	addons.manager	DEBUG	Provider finished startup: XPIProvider
1482473775629	addons.manager	DEBUG	Starting provider: LightweightThemeManager
1482473775629	addons.manager	DEBUG	Registering shutdown blocker for LightweightThemeManager
1482473775629	addons.manager	DEBUG	Provider finished startup: LightweightThemeManager
1482473775630	addons.manager	DEBUG	Starting provider: GMPProvider
1482473775650	addons.manager	DEBUG	Registering shutdown blocker for GMPProvider
1482473775650	addons.manager	DEBUG	Provider finished startup: GMPProvider
1482473775650	addons.manager	DEBUG	Starting provider: PluginProvider
1482473775650	addons.manager	DEBUG	Registering shutdown blocker for PluginProvider
1482473775651	addons.manager	DEBUG	Provider finished startup: PluginProvider
1482473775651	addons.manager	DEBUG	Completed startup sequence
1482473786667	addons.manager	DEBUG	Starting provider: &amp;lt;unnamed-provider&amp;gt;
1482473786667	addons.manager	DEBUG	Registering shutdown blocker for &amp;lt;unnamed-provider&amp;gt;
1482473786667	addons.manager	DEBUG	Provider finished startup: &amp;lt;unnamed-provider&amp;gt;

Build info: version: &amp;apos;2.53.1&amp;apos;, revision: &amp;apos;a36b8b1cd5757287168e54b817830adce9b0158d&amp;apos;, time: &amp;apos;2016-06-30 19:26:09&amp;apos;
System info: host: &amp;apos;01HW510223&amp;apos;, ip: &amp;apos;157.227.151.35&amp;apos;, os.name: &amp;apos;Windows 7&amp;apos;, os.arch: &amp;apos;x86&amp;apos;, os.version: &amp;apos;6.1&amp;apos;, java.version: &amp;apos;1.7.0_51&amp;apos;
Driver info: driver.version: FirefoxDriver">
      <![CDATA[org.openqa.selenium.WebDriverException: Failed to connect to binary FirefoxBinary(C:\Program Files\Mozilla Firefox\firefox.exe) on port 7055; process output follows: 
\extensions\\{972ce4c6-7e08-4474-a285-3208198ce6fd}.xpi","installDate":1461279552000,"updateDate":1461279552000,"applyBackgroundUpdates":1,"skinnable":true,"size":22006,"sourceURI":null,"releaseNotesURI":null,"softDisabled":false,"foreignInstall":false,"hasBinaryComponents":false,"strictCompatibility":true,"locales":[],"targetApplications":[{"id":"{ec8030f7-c20a-464f-9b0e-13a3a9e97384}","minVersion":"46.0","maxVersion":"46.0"}],"targetPlatforms":[],"seen":true}
1482473775419	addons.xpi	DEBUG	getModTime: Recursive scan of {972ce4c6-7e08-4474-a285-3208198ce6fd}
1482473775419	addons.xpi	DEBUG	Updating XPIState for {"id":"{1E2593B2-E106-4697-BCE7-A9D30DE05D73}","syncGUID":"X6TelNYL1T4H","location":"winreg-app-global","version":"10.0.40","type":"extension","internalName":null,"updateURL":"https://www.httpwatch.com/update_ff/?app_id=%APP_ID%&cur_ver=%APP_VERSION%&rev_ver=%ITEM_MAXAPPVERSION%&old_ver=%ITEM_VERSION%","updateKey":null,"optionsURL":null,"optionsType":null,"aboutURL":null,"icons":{},"iconURL":"chrome://httpwatch/content/install.png","icon64URL":null,"defaultLocale":{"name":"HttpWatch Basic Edition","description":"HttpWatch is an HTTP sniffer and debugger for Firefox. (For updates go to http://www.httpwatch.com/download/)","creator":"Simtec Limited","homepageURL":"http://www.httpwatch.com"},"visible":true,"active":false,"userDisabled":true,"appDisabled":true,"descriptor":"C:\\Program Files\\HttpWatch\\Firefox","installDate":1479373555871,"updateDate":1479373555871,"applyBackgroundUpdates":1,"bootstrap":false,"skinnable":false,"size":105909229,"sourceURI":null,"releaseNotesURI":null,"softDisabled":false,"foreignInstall":true,"hasBinaryComponents":true,"strictCompatibility":false,"locales":[],"targetApplications":[{"id":"{ec8030f7-c20a-464f-9b0e-13a3a9e97384}","minVersion":"32.0","maxVersion":"40.*"}],"targetPlatforms":[{"os":"WINNT","abi":"x86-msvc"}],"multiprocessCompatible":false,"signedState":0,"seen":true}
1482473775420	DeferredSave.extensions.json	DEBUG	Save changes
1482473775420	addons.xpi	DEBUG	Updating database with changes to installed add-ons
1482473775420	addons.xpi-utils	DEBUG	Updating add-on states
1482473775422	addons.xpi-utils	DEBUG	Writing add-ons list
1482473775428	addons.xpi	DEBUG	Registering manifest for C:\Program Files\Mozilla Firefox\browser\features\e10srollout@mozilla.org.xpi
1482473775428	addons.xpi	DEBUG	Calling bootstrap method startup on e10srollout@mozilla.org version 1.0
1482473775429	addons.xpi	DEBUG	Registering manifest for C:\Program Files\Mozilla Firefox\browser\features\firefox@getpocket.com.xpi
1482473775429	addons.xpi	DEBUG	Calling bootstrap method startup on firefox@getpocket.com version 1.0
1482473775430	addons.xpi	DEBUG	Registering manifest for C:\Program Files\Mozilla Firefox\browser\features\loop@mozilla.org.xpi
1482473775431	addons.xpi	DEBUG	Calling bootstrap method startup on loop@mozilla.org version 1.2.6
1482473775628	addons.manager	DEBUG	Registering shutdown blocker for XPIProvider
1482473775629	addons.manager	DEBUG	Provider finished startup: XPIProvider
1482473775629	addons.manager	DEBUG	Starting provider: LightweightThemeManager
1482473775629	addons.manager	DEBUG	Registering shutdown blocker for LightweightThemeManager
1482473775629	addons.manager	DEBUG	Provider finished startup: LightweightThemeManager
1482473775630	addons.manager	DEBUG	Starting provider: GMPProvider
1482473775650	addons.manager	DEBUG	Registering shutdown blocker for GMPProvider
1482473775650	addons.manager	DEBUG	Provider finished startup: GMPProvider
1482473775650	addons.manager	DEBUG	Starting provider: PluginProvider
1482473775650	addons.manager	DEBUG	Registering shutdown blocker for PluginProvider
1482473775651	addons.manager	DEBUG	Provider finished startup: PluginProvider
1482473775651	addons.manager	DEBUG	Completed startup sequence
1482473786667	addons.manager	DEBUG	Starting provider: <unnamed-provider>
1482473786667	addons.manager	DEBUG	Registering shutdown blocker for <unnamed-provider>
1482473786667	addons.manager	DEBUG	Provider finished startup: <unnamed-provider>

Build info: version: '2.53.1', revision: 'a36b8b1cd5757287168e54b817830adce9b0158d', time: '2016-06-30 19:26:09'
System info: host: '01HW510223', ip: '157.227.151.35', os.name: 'Windows 7', os.arch: 'x86', os.version: '6.1', java.version: '1.7.0_51'
Driver info: driver.version: FirefoxDriver
	at org.openqa.selenium.firefox.internal.NewProfileExtensionConnection.start(NewProfileExtensionConnection.java:125)
	at org.openqa.selenium.firefox.FirefoxDriver.startClient(FirefoxDriver.java:271)
	at org.openqa.selenium.remote.RemoteWebDriver.<init>(RemoteWebDriver.java:119)
	at org.openqa.selenium.firefox.FirefoxDriver.<init>(FirefoxDriver.java:216)
	at org.openqa.selenium.firefox.FirefoxDriver.<init>(FirefoxDriver.java:211)
	at org.openqa.selenium.firefox.FirefoxDriver.<init>(FirefoxDriver.java:207)
	at org.openqa.selenium.firefox.FirefoxDriver.<init>(FirefoxDriver.java:120)
	at testpack1.Testclass.wordpressrun(Testclass.java:16)
	at sun.reflect.NativeMethodAccessorImpl.invoke0(Native Method)
	at sun.reflect.NativeMethodAccessorImpl.invoke(Unknown Source)
	at sun.reflect.DelegatingMethodAccessorImpl.invoke(Unknown Source)
	at java.lang.reflect.Method.invoke(Unknown Source)
	at org.testng.internal.MethodInvocationHelper.invokeMethod(MethodInvocationHelper.java:80)
	at org.testng.internal.Invoker.invokeMethod(Invoker.java:714)
	at org.testng.internal.Invoker.invokeTestMethod(Invoker.java:901)
	at org.testng.internal.Invoker.invokeTestMethods(Invoker.java:1231)
	at org.testng.internal.TestMethodWorker.invokeTestMethods(TestMethodWorker.java:127)
	at org.testng.internal.TestMethodWorker.run(TestMethodWorker.java:111)
	at org.testng.TestRunner.privateRun(TestRunner.java:767)
	at org.testng.TestRunner.run(TestRunner.java:617)
	at org.testng.SuiteRunner.runTest(SuiteRunner.java:334)
	at org.testng.SuiteRunner.runSequentially(SuiteRunner.java:329)
	at org.testng.SuiteRunner.privateRun(SuiteRunner.java:291)
	at org.testng.SuiteRunner.run(SuiteRunner.java:240)
	at org.testng.SuiteRunnerWorker.runSuite(SuiteRunnerWorker.java:52)
	at org.testng.SuiteRunnerWorker.run(SuiteRunnerWorker.java:86)
	at org.testng.TestNG.runSuitesSequentially(TestNG.java:1198)
	at org.testng.TestNG.runSuitesLocally(TestNG.java:1123)
	at org.testng.TestNG.run(TestNG.java:1031)
	at org.testng.remote.AbstractRemoteTestNG.run(AbstractRemoteTestNG.java:126)
	at org.testng.remote.RemoteTestNG.initAndRun(RemoteTestNG.java:137)
	at org.testng.remote.RemoteTestNG.main(RemoteTestNG.java:58)
Caused by: org.openqa.selenium.firefox.NotConnectedException: Unable to connect to host 127.0.0.1 on port 7055 after 45000 ms. Firefox console output:
\extensions\\{972ce4c6-7e08-4474-a285-3208198ce6fd}.xpi","installDate":1461279552000,"updateDate":1461279552000,"applyBackgroundUpdates":1,"skinnable":true,"size":22006,"sourceURI":null,"releaseNotesURI":null,"softDisabled":false,"foreignInstall":false,"hasBinaryComponents":false,"strictCompatibility":true,"locales":[],"targetApplications":[{"id":"{ec8030f7-c20a-464f-9b0e-13a3a9e97384}","minVersion":"46.0","maxVersion":"46.0"}],"targetPlatforms":[],"seen":true}
1482473775419	addons.xpi	DEBUG	getModTime: Recursive scan of {972ce4c6-7e08-4474-a285-3208198ce6fd}
1482473775419	addons.xpi	DEBUG	Updating XPIState for {"id":"{1E2593B2-E106-4697-BCE7-A9D30DE05D73}","syncGUID":"X6TelNYL1T4H","location":"winreg-app-global","version":"10.0.40","type":"extension","internalName":null,"updateURL":"https://www.httpwatch.com/update_ff/?app_id=%APP_ID%&cur_ver=%APP_VERSION%&rev_ver=%ITEM_MAXAPPVERSION%&old_ver=%ITEM_VERSION%","updateKey":null,"optionsURL":null,"optionsType":null,"aboutURL":null,"icons":{},"iconURL":"chrome://httpwatch/content/install.png","icon64URL":null,"defaultLocale":{"name":"HttpWatch Basic Edition","description":"HttpWatch is an HTTP sniffer and debugger for Firefox. (For updates go to http://www.httpwatch.com/download/)","creator":"Simtec Limited","homepageURL":"http://www.httpwatch.com"},"visible":true,"active":false,"userDisabled":true,"appDisabled":true,"descriptor":"C:\\Program Files\\HttpWatch\\Firefox","installDate":1479373555871,"updateDate":1479373555871,"applyBackgroundUpdates":1,"bootstrap":false,"skinnable":false,"size":105909229,"sourceURI":null,"releaseNotesURI":null,"softDisabled":false,"foreignInstall":true,"hasBinaryComponents":true,"strictCompatibility":false,"locales":[],"targetApplications":[{"id":"{ec8030f7-c20a-464f-9b0e-13a3a9e97384}","minVersion":"32.0","maxVersion":"40.*"}],"targetPlatforms":[{"os":"WINNT","abi":"x86-msvc"}],"multiprocessCompatible":false,"signedState":0,"seen":true}
1482473775420	DeferredSave.extensions.json	DEBUG	Save changes
1482473775420	addons.xpi	DEBUG	Updating database with changes to installed add-ons
1482473775420	addons.xpi-utils	DEBUG	Updating add-on states
1482473775422	addons.xpi-utils	DEBUG	Writing add-ons list
1482473775428	addons.xpi	DEBUG	Registering manifest for C:\Program Files\Mozilla Firefox\browser\features\e10srollout@mozilla.org.xpi
1482473775428	addons.xpi	DEBUG	Calling bootstrap method startup on e10srollout@mozilla.org version 1.0
1482473775429	addons.xpi	DEBUG	Registering manifest for C:\Program Files\Mozilla Firefox\browser\features\firefox@getpocket.com.xpi
1482473775429	addons.xpi	DEBUG	Calling bootstrap method startup on firefox@getpocket.com version 1.0
1482473775430	addons.xpi	DEBUG	Registering manifest for C:\Program Files\Mozilla Firefox\browser\features\loop@mozilla.org.xpi
1482473775431	addons.xpi	DEBUG	Calling bootstrap method startup on loop@mozilla.org version 1.2.6
1482473775628	addons.manager	DEBUG	Registering shutdown blocker for XPIProvider
1482473775629	addons.manager	DEBUG	Provider finished startup: XPIProvider
1482473775629	addons.manager	DEBUG	Starting provider: LightweightThemeManager
1482473775629	addons.manager	DEBUG	Registering shutdown blocker for LightweightThemeManager
1482473775629	addons.manager	DEBUG	Provider finished startup: LightweightThemeManager
1482473775630	addons.manager	DEBUG	Starting provider: GMPProvider
1482473775650	addons.manager	DEBUG	Registering shutdown blocker for GMPProvider
1482473775650	addons.manager	DEBUG	Provider finished startup: GMPProvider
1482473775650	addons.manager	DEBUG	Starting provider: PluginProvider
1482473775650	addons.manager	DEBUG	Registering shutdown blocker for PluginProvider
1482473775651	addons.manager	DEBUG	Provider finished startup: PluginProvider
1482473775651	addons.manager	DEBUG	Completed startup sequence
1482473786667	addons.manager	DEBUG	Starting provider: <unnamed-provider>
1482473786667	addons.manager	DEBUG	Registering shutdown blocker for <unnamed-provider>
1482473786667	addons.manager	DEBUG	Provider finished startup: <unnamed-provider>

	at org.openqa.selenium.firefox.internal.NewProfileExtensionConnection.start(NewProfileExtensionConnection.java:113)
	... 31 more
]]>
    </failure>
  </testcase> <!-- wordpressrun -->
</testsuite> <!-- Default test -->
