<?xml version="1.0" encoding="UTF-8"?>
<testng-results skipped="0" failed="1" total="1" passed="0">
  <reporter-output>
  </reporter-output>
  <suite name="Default suite" duration-ms="66670" started-at="2016-12-23T06:15:25Z" finished-at="2016-12-23T06:16:31Z">
    <groups>
    </groups>
    <test name="Default test" duration-ms="66670" started-at="2016-12-23T06:15:25Z" finished-at="2016-12-23T06:16:31Z">
      <class name="testpack1.Testclass">
        <test-method status="FAIL" signature="wordpressrun()[pri:0, instance:testpack1.Testclass@1463148]" name="wordpressrun" duration-ms="66460" started-at="2016-12-23T11:45:25Z" finished-at="2016-12-23T11:46:31Z">
          <exception class="org.openqa.selenium.WebDriverException">
            <message>
              <![CDATA[Failed to connect to binary FirefoxBinary(C:\Program Files\Mozilla Firefox\firefox.exe) on port 7055; process output follows: 
\extensions\\{972ce4c6-7e08-4474-a285-3208198ce6fd}.xpi","installDate":1461279552000,"updateDate":1461279552000,"applyBackgroundUpdates":1,"skinnable":true,"size":22006,"sourceURI":null,"releaseNotesURI":null,"softDisabled":false,"foreignInstall":false,"hasBinaryComponents":false,"strictCompatibility":true,"locales":[],"targetApplications":[{"id":"{ec8030f7-c20a-464f-9b0e-13a3a9e97384}","minVersion":"46.0","maxVersion":"46.0"}],"targetPlatforms":[],"seen":true}
1482473775419	addons.xpi	DEBUG	getModTime: Recursive scan of {972ce4c6-7e08-4474-a285-3208198ce6fd}
1482473775419	addons.xpi	DEBUG	Updating XPIState for {"id":"{1E2593B2-E106-4697-BCE7-A9D30DE05D73}","syncGUID":"X6TelNYL1T4H","location":"winreg-app-global","version":"10.0.40","type":"extension","internalName":null,"updateURL":"https://www.httpwatch.com/update_ff/?app_id=%APP_ID%&cur_ver=%APP_VERSION%&rev_ver=%ITEM_MAXAPPVERSION%&old_ver=%ITEM_VERSION%","updateKey":null,"optionsURL":null,"optionsType":null,"aboutURL":null,"icons":{},"iconURL":"chrome://httpwatch/content/install.png","icon64URL":null,"defaultLocale":{"name":"HttpWatch Basic Edition","description":"HttpWatch is an HTTP sniffer and debugger for Firefox. (For updates go to http://www.httpwatch.com/download/)","creator":"Simtec Limited","homepageURL":"http://www.httpwatch.com"},"visible":true,"active":false,"userDisabled":true,"appDisabled":true,"descriptor":"C:\\Program Files\\HttpWatch\\Firefox","installDate":1479373555871,"updateDate":1479373555871,"applyBackgroundUpdates":1,"bootstrap":false,"skinnable":false,"size":105909229,"sourceURI":null,"releaseNotesURI":null,"softDisabled":false,"foreignInstall":true,"hasBinaryComponents":true,"strictCompatibility":false,"locales":[],"targetApplications":[{"id":"{ec8030f7-c20a-464f-9b0e-13a3a9e97384}","minVersion":"32.0","maxVersion":"40.*"}],"targetPlatforms":[{"os":"WINNT","abi":"x86-msvc"}],"multiprocessCompatible":false,"signedState":0,"seen":true}
1482473775420	DeferredSave.extensions.json	DEBUG	Save changes
1482473775420	addons.xpi	DEBUG	Updating database with changes to installed add-ons
1482473775420	addons.xpi-utils	DEBUG	Updating add-on states
1482473775422	addons.xpi-utils	DEBUG	Writing add-ons list
1482473775428	addons.xpi	DEBUG	Registering manifest for C:\Program Files\Mozilla Firefox\browser\features\e10srollout@mozilla.org.xpi
1482473775428	addons.xpi	DEBUG	Calling bootstrap method startup on e10srollout@mozilla.org version 1.0
1482473775429	addons.xpi	DEBUG	Registering manifest for C:\Program Files\Mozilla Firefox\browser\features\firefox@getpocket.com.xpi
1482473775429	addons.xpi	DEBUG	Calling bootstrap method startup on firefox@getpocket.com version 1.0
1482473775430	addons.xpi	DEBUG	Registering manifest for C:\Program Files\Mozilla Firefox\browser\features\loop@mozilla.org.xpi
1482473775431	addons.xpi	DEBUG	Calling bootstrap method startup on loop@mozilla.org version 1.2.6
1482473775628	addons.manager	DEBUG	Registering shutdown blocker for XPIProvider
1482473775629	addons.manager	DEBUG	Provider finished startup: XPIProvider
1482473775629	addons.manager	DEBUG	Starting provider: LightweightThemeManager
1482473775629	addons.manager	DEBUG	Registering shutdown blocker for LightweightThemeManager
1482473775629	addons.manager	DEBUG	Provider finished startup: LightweightThemeManager
1482473775630	addons.manager	DEBUG	Starting provider: GMPProvider
1482473775650	addons.manager	DEBUG	Registering shutdown blocker for GMPProvider
1482473775650	addons.manager	DEBUG	Provider finished startup: GMPProvider
1482473775650	addons.manager	DEBUG	Starting provider: PluginProvider
1482473775650	addons.manager	DEBUG	Registering shutdown blocker for PluginProvider
1482473775651	addons.manager	DEBUG	Provider finished startup: PluginProvider
1482473775651	addons.manager	DEBUG	Completed startup sequence
1482473786667	addons.manager	DEBUG	Starting provider: <unnamed-provider>
1482473786667	addons.manager	DEBUG	Registering shutdown blocker for <unnamed-provider>
1482473786667	addons.manager	DEBUG	Provider finished startup: <unnamed-provider>

Build info: version: '2.53.1', revision: 'a36b8b1cd5757287168e54b817830adce9b0158d', time: '2016-06-30 19:26:09'
System info: host: '01HW510223', ip: '157.227.151.35', os.name: 'Windows 7', os.arch: 'x86', os.version: '6.1', java.version: '1.7.0_51'
Driver info: driver.version: FirefoxDriver]]>
            </message>
            <full-stacktrace>
              <![CDATA[org.openqa.selenium.WebDriverException: Failed to connect to binary FirefoxBinary(C:\Program Files\Mozilla Firefox\firefox.exe) on port 7055; process output follows: 
\extensions\\{972ce4c6-7e08-4474-a285-3208198ce6fd}.xpi","installDate":1461279552000,"updateDate":1461279552000,"applyBackgroundUpdates":1,"skinnable":true,"size":22006,"sourceURI":null,"releaseNotesURI":null,"softDisabled":false,"foreignInstall":false,"hasBinaryComponents":false,"strictCompatibility":true,"locales":[],"targetApplications":[{"id":"{ec8030f7-c20a-464f-9b0e-13a3a9e97384}","minVersion":"46.0","maxVersion":"46.0"}],"targetPlatforms":[],"seen":true}
1482473775419	addons.xpi	DEBUG	getModTime: Recursive scan of {972ce4c6-7e08-4474-a285-3208198ce6fd}
1482473775419	addons.xpi	DEBUG	Updating XPIState for {"id":"{1E2593B2-E106-4697-BCE7-A9D30DE05D73}","syncGUID":"X6TelNYL1T4H","location":"winreg-app-global","version":"10.0.40","type":"extension","internalName":null,"updateURL":"https://www.httpwatch.com/update_ff/?app_id=%APP_ID%&cur_ver=%APP_VERSION%&rev_ver=%ITEM_MAXAPPVERSION%&old_ver=%ITEM_VERSION%","updateKey":null,"optionsURL":null,"optionsType":null,"aboutURL":null,"icons":{},"iconURL":"chrome://httpwatch/content/install.png","icon64URL":null,"defaultLocale":{"name":"HttpWatch Basic Edition","description":"HttpWatch is an HTTP sniffer and debugger for Firefox. (For updates go to http://www.httpwatch.com/download/)","creator":"Simtec Limited","homepageURL":"http://www.httpwatch.com"},"visible":true,"active":false,"userDisabled":true,"appDisabled":true,"descriptor":"C:\\Program Files\\HttpWatch\\Firefox","installDate":1479373555871,"updateDate":1479373555871,"applyBackgroundUpdates":1,"bootstrap":false,"skinnable":false,"size":105909229,"sourceURI":null,"releaseNotesURI":null,"softDisabled":false,"foreignInstall":true,"hasBinaryComponents":true,"strictCompatibility":false,"locales":[],"targetApplications":[{"id":"{ec8030f7-c20a-464f-9b0e-13a3a9e97384}","minVersion":"32.0","maxVersion":"40.*"}],"targetPlatforms":[{"os":"WINNT","abi":"x86-msvc"}],"multiprocessCompatible":false,"signedState":0,"seen":true}
1482473775420	DeferredSave.extensions.json	DEBUG	Save changes
1482473775420	addons.xpi	DEBUG	Updating database with changes to installed add-ons
1482473775420	addons.xpi-utils	DEBUG	Updating add-on states
1482473775422	addons.xpi-utils	DEBUG	Writing add-ons list
1482473775428	addons.xpi	DEBUG	Registering manifest for C:\Program Files\Mozilla Firefox\browser\features\e10srollout@mozilla.org.xpi
1482473775428	addons.xpi	DEBUG	Calling bootstrap method startup on e10srollout@mozilla.org version 1.0
1482473775429	addons.xpi	DEBUG	Registering manifest for C:\Program Files\Mozilla Firefox\browser\features\firefox@getpocket.com.xpi
1482473775429	addons.xpi	DEBUG	Calling bootstrap method startup on firefox@getpocket.com version 1.0
1482473775430	addons.xpi	DEBUG	Registering manifest for C:\Program Files\Mozilla Firefox\browser\features\loop@mozilla.org.xpi
1482473775431	addons.xpi	DEBUG	Calling bootstrap method startup on loop@mozilla.org version 1.2.6
1482473775628	addons.manager	DEBUG	Registering shutdown blocker for XPIProvider
1482473775629	addons.manager	DEBUG	Provider finished startup: XPIProvider
1482473775629	addons.manager	DEBUG	Starting provider: LightweightThemeManager
1482473775629	addons.manager	DEBUG	Registering shutdown blocker for LightweightThemeManager
1482473775629	addons.manager	DEBUG	Provider finished startup: LightweightThemeManager
1482473775630	addons.manager	DEBUG	Starting provider: GMPProvider
1482473775650	addons.manager	DEBUG	Registering shutdown blocker for GMPProvider
1482473775650	addons.manager	DEBUG	Provider finished startup: GMPProvider
1482473775650	addons.manager	DEBUG	Starting provider: PluginProvider
1482473775650	addons.manager	DEBUG	Registering shutdown blocker for PluginProvider
1482473775651	addons.manager	DEBUG	Provider finished startup: PluginProvider
1482473775651	addons.manager	DEBUG	Completed startup sequence
1482473786667	addons.manager	DEBUG	Starting provider: <unnamed-provider>
1482473786667	addons.manager	DEBUG	Registering shutdown blocker for <unnamed-provider>
1482473786667	addons.manager	DEBUG	Provider finished startup: <unnamed-provider>

Build info: version: '2.53.1', revision: 'a36b8b1cd5757287168e54b817830adce9b0158d', time: '2016-06-30 19:26:09'
System info: host: '01HW510223', ip: '157.227.151.35', os.name: 'Windows 7', os.arch: 'x86', os.version: '6.1', java.version: '1.7.0_51'
Driver info: driver.version: FirefoxDriver
	at org.openqa.selenium.firefox.internal.NewProfileExtensionConnection.start(NewProfileExtensionConnection.java:125)
	at org.openqa.selenium.firefox.FirefoxDriver.startClient(FirefoxDriver.java:271)
	at org.openqa.selenium.remote.RemoteWebDriver.<init>(RemoteWebDriver.java:119)
	at org.openqa.selenium.firefox.FirefoxDriver.<init>(FirefoxDriver.java:216)
	at org.openqa.selenium.firefox.FirefoxDriver.<init>(FirefoxDriver.java:211)
	at org.openqa.selenium.firefox.FirefoxDriver.<init>(FirefoxDriver.java:207)
	at org.openqa.selenium.firefox.FirefoxDriver.<init>(FirefoxDriver.java:120)
	at testpack1.Testclass.wordpressrun(Testclass.java:16)
	at sun.reflect.NativeMethodAccessorImpl.invoke0(Native Method)
	at sun.reflect.NativeMethodAccessorImpl.invoke(Unknown Source)
	at sun.reflect.DelegatingMethodAccessorImpl.invoke(Unknown Source)
	at java.lang.reflect.Method.invoke(Unknown Source)
	at org.testng.internal.MethodInvocationHelper.invokeMethod(MethodInvocationHelper.java:80)
	at org.testng.internal.Invoker.invokeMethod(Invoker.java:714)
	at org.testng.internal.Invoker.invokeTestMethod(Invoker.java:901)
	at org.testng.internal.Invoker.invokeTestMethods(Invoker.java:1231)
	at org.testng.internal.TestMethodWorker.invokeTestMethods(TestMethodWorker.java:127)
	at org.testng.internal.TestMethodWorker.run(TestMethodWorker.java:111)
	at org.testng.TestRunner.privateRun(TestRunner.java:767)
	at org.testng.TestRunner.run(TestRunner.java:617)
	at org.testng.SuiteRunner.runTest(SuiteRunner.java:334)
	at org.testng.SuiteRunner.runSequentially(SuiteRunner.java:329)
	at org.testng.SuiteRunner.privateRun(SuiteRunner.java:291)
	at org.testng.SuiteRunner.run(SuiteRunner.java:240)
	at org.testng.SuiteRunnerWorker.runSuite(SuiteRunnerWorker.java:52)
	at org.testng.SuiteRunnerWorker.run(SuiteRunnerWorker.java:86)
	at org.testng.TestNG.runSuitesSequentially(TestNG.java:1198)
	at org.testng.TestNG.runSuitesLocally(TestNG.java:1123)
	at org.testng.TestNG.run(TestNG.java:1031)
	at org.testng.remote.AbstractRemoteTestNG.run(AbstractRemoteTestNG.java:126)
	at org.testng.remote.RemoteTestNG.initAndRun(RemoteTestNG.java:137)
	at org.testng.remote.RemoteTestNG.main(RemoteTestNG.java:58)
Caused by: org.openqa.selenium.firefox.NotConnectedException: Unable to connect to host 127.0.0.1 on port 7055 after 45000 ms. Firefox console output:
\extensions\\{972ce4c6-7e08-4474-a285-3208198ce6fd}.xpi","installDate":1461279552000,"updateDate":1461279552000,"applyBackgroundUpdates":1,"skinnable":true,"size":22006,"sourceURI":null,"releaseNotesURI":null,"softDisabled":false,"foreignInstall":false,"hasBinaryComponents":false,"strictCompatibility":true,"locales":[],"targetApplications":[{"id":"{ec8030f7-c20a-464f-9b0e-13a3a9e97384}","minVersion":"46.0","maxVersion":"46.0"}],"targetPlatforms":[],"seen":true}
1482473775419	addons.xpi	DEBUG	getModTime: Recursive scan of {972ce4c6-7e08-4474-a285-3208198ce6fd}
1482473775419	addons.xpi	DEBUG	Updating XPIState for {"id":"{1E2593B2-E106-4697-BCE7-A9D30DE05D73}","syncGUID":"X6TelNYL1T4H","location":"winreg-app-global","version":"10.0.40","type":"extension","internalName":null,"updateURL":"https://www.httpwatch.com/update_ff/?app_id=%APP_ID%&cur_ver=%APP_VERSION%&rev_ver=%ITEM_MAXAPPVERSION%&old_ver=%ITEM_VERSION%","updateKey":null,"optionsURL":null,"optionsType":null,"aboutURL":null,"icons":{},"iconURL":"chrome://httpwatch/content/install.png","icon64URL":null,"defaultLocale":{"name":"HttpWatch Basic Edition","description":"HttpWatch is an HTTP sniffer and debugger for Firefox. (For updates go to http://www.httpwatch.com/download/)","creator":"Simtec Limited","homepageURL":"http://www.httpwatch.com"},"visible":true,"active":false,"userDisabled":true,"appDisabled":true,"descriptor":"C:\\Program Files\\HttpWatch\\Firefox","installDate":1479373555871,"updateDate":1479373555871,"applyBackgroundUpdates":1,"bootstrap":false,"skinnable":false,"size":105909229,"sourceURI":null,"releaseNotesURI":null,"softDisabled":false,"foreignInstall":true,"hasBinaryComponents":true,"strictCompatibility":false,"locales":[],"targetApplications":[{"id":"{ec8030f7-c20a-464f-9b0e-13a3a9e97384}","minVersion":"32.0","maxVersion":"40.*"}],"targetPlatforms":[{"os":"WINNT","abi":"x86-msvc"}],"multiprocessCompatible":false,"signedState":0,"seen":true}
1482473775420	DeferredSave.extensions.json	DEBUG	Save changes
1482473775420	addons.xpi	DEBUG	Updating database with changes to installed add-ons
1482473775420	addons.xpi-utils	DEBUG	Updating add-on states
1482473775422	addons.xpi-utils	DEBUG	Writing add-ons list
1482473775428	addons.xpi	DEBUG	Registering manifest for C:\Program Files\Mozilla Firefox\browser\features\e10srollout@mozilla.org.xpi
1482473775428	addons.xpi	DEBUG	Calling bootstrap method startup on e10srollout@mozilla.org version 1.0
1482473775429	addons.xpi	DEBUG	Registering manifest for C:\Program Files\Mozilla Firefox\browser\features\firefox@getpocket.com.xpi
1482473775429	addons.xpi	DEBUG	Calling bootstrap method startup on firefox@getpocket.com version 1.0
1482473775430	addons.xpi	DEBUG	Registering manifest for C:\Program Files\Mozilla Firefox\browser\features\loop@mozilla.org.xpi
1482473775431	addons.xpi	DEBUG	Calling bootstrap method startup on loop@mozilla.org version 1.2.6
1482473775628	addons.manager	DEBUG	Registering shutdown blocker for XPIProvider
1482473775629	addons.manager	DEBUG	Provider finished startup: XPIProvider
1482473775629	addons.manager	DEBUG	Starting provider: LightweightThemeManager
1482473775629	addons.manager	DEBUG	Registering shutdown blocker for LightweightThemeManager
1482473775629	addons.manager	DEBUG	Provider finished startup: LightweightThemeManager
1482473775630	addons.manager	DEBUG	Starting provider: GMPProvider
1482473775650	addons.manager	DEBUG	Registering shutdown blocker for GMPProvider
1482473775650	addons.manager	DEBUG	Provider finished startup: GMPProvider
1482473775650	addons.manager	DEBUG	Starting provider: PluginProvider
1482473775650	addons.manager	DEBUG	Registering shutdown blocker for PluginProvider
1482473775651	addons.manager	DEBUG	Provider finished startup: PluginProvider
1482473775651	addons.manager	DEBUG	Completed startup sequence
1482473786667	addons.manager	DEBUG	Starting provider: <unnamed-provider>
1482473786667	addons.manager	DEBUG	Registering shutdown blocker for <unnamed-provider>
1482473786667	addons.manager	DEBUG	Provider finished startup: <unnamed-provider>

	at org.openqa.selenium.firefox.internal.NewProfileExtensionConnection.start(NewProfileExtensionConnection.java:113)
	... 31 more
]]>
            </full-stacktrace>
          </exception> <!-- org.openqa.selenium.WebDriverException -->
          <reporter-output>
          </reporter-output>
        </test-method> <!-- wordpressrun -->
      </class> <!-- testpack1.Testclass -->
    </test> <!-- Default test -->
  </suite> <!-- Default suite -->
</testng-results>
